<?xml version="1.0" encoding="UTF-8"?>
<robot generator="Robot 4.1.3 (Python 3.10.0 on win32)" generated="20220331 17:34:26.933" rpa="false" schemaversion="2">
<suite id="s1" name="Login.Test" source="C:\Users\t_davidt\Desktop\SANDBOX\SANDBOX\Testes-Automatizados\BugBank\RobotFramework\Tests\Features\Login\Login.Test.robot">
<test id="s1-t1" name="Cenário 02: Efetuar login com credenciais válidas">
<kw name="Abrir navegador" library="login" type="SETUP">
<kw name="Log To Console" library="BuiltIn">
<arg>David, estou abrindo o navegador e maximizando-o!</arg>
<doc>Logs the given message to the console.</doc>
<status status="PASS" starttime="20220331 17:34:27.269" endtime="20220331 17:34:27.270"/>
</kw>
<kw name="Log" library="BuiltIn">
<arg>David, estou abrindo o navegador e maximizando-o!</arg>
<doc>Logs the given message with the given level.</doc>
<msg timestamp="20220331 17:34:27.270" level="INFO">David, estou abrindo o navegador e maximizando-o!</msg>
<status status="PASS" starttime="20220331 17:34:27.270" endtime="20220331 17:34:27.270"/>
</kw>
<kw name="Open Browser" library="SeleniumLibrary">
<arg>about:blank</arg>
<arg>${BROWSER}</arg>
<doc>Opens a new browser instance to the optional ``url``.</doc>
<msg timestamp="20220331 17:34:27.270" level="INFO">Opening browser 'chrome' to base url 'about:blank'.</msg>
<status status="PASS" starttime="20220331 17:34:27.270" endtime="20220331 17:34:28.413"/>
</kw>
<kw name="Maximize Browser Window" library="SeleniumLibrary">
<doc>Maximizes current browser window.</doc>
<status status="PASS" starttime="20220331 17:34:28.413" endtime="20220331 17:34:28.531"/>
</kw>
<kw name="Sleep" library="BuiltIn">
<arg>2</arg>
<doc>Pauses the test executed for the given time.</doc>
<msg timestamp="20220331 17:34:30.532" level="INFO">Slept 2 seconds</msg>
<status status="PASS" starttime="20220331 17:34:28.531" endtime="20220331 17:34:30.532"/>
</kw>
<kw name="Log To Console" library="BuiltIn">
<arg>Também estarei iniciando a gravação da tela</arg>
<doc>Logs the given message to the console.</doc>
<status status="PASS" starttime="20220331 17:34:30.532" endtime="20220331 17:34:30.533"/>
</kw>
<kw name="Log" library="BuiltIn">
<arg>Também estarei iniciando a gravação da tela</arg>
<doc>Logs the given message with the given level.</doc>
<msg timestamp="20220331 17:34:30.533" level="INFO">Também estarei iniciando a gravação da tela</msg>
<status status="PASS" starttime="20220331 17:34:30.533" endtime="20220331 17:34:30.533"/>
</kw>
<kw name="Start Gif Recording" library="ScreenCapLibrary">
<doc>Starts the recording of a GIF in the background with the specified ``name``.
The recording can be stopped by calling the `Stop Gif Recording` keyword.</doc>
<status status="PASS" starttime="20220331 17:34:30.533" endtime="20220331 17:34:30.537"/>
</kw>
<kw name="Sleep" library="BuiltIn">
<arg>2</arg>
<doc>Pauses the test executed for the given time.</doc>
<msg timestamp="20220331 17:34:32.545" level="INFO">Slept 2 seconds</msg>
<status status="PASS" starttime="20220331 17:34:30.537" endtime="20220331 17:34:32.545"/>
</kw>
<status status="PASS" starttime="20220331 17:34:27.269" endtime="20220331 17:34:32.545"/>
</kw>
<kw name="DADO que estamos na página inicial do BugBank" library="login">
<kw name="Go To" library="SeleniumLibrary">
<arg>${BaseURL}</arg>
<doc>Navigates the current browser window to the provided ``url``.</doc>
<msg timestamp="20220331 17:34:32.547" level="INFO">Opening url 'https://bugbank.netlify.app/'</msg>
<status status="PASS" starttime="20220331 17:34:32.547" endtime="20220331 17:34:33.312"/>
</kw>
<kw name="Sleep" library="BuiltIn">
<arg>2</arg>
<doc>Pauses the test executed for the given time.</doc>
<msg timestamp="20220331 17:34:35.316" level="INFO">Slept 2 seconds</msg>
<status status="PASS" starttime="20220331 17:34:33.312" endtime="20220331 17:34:35.316"/>
</kw>
<kw name="Title Should Be" library="SeleniumLibrary">
<arg>BugBank | O banco com bugs e falhas do seu jeito</arg>
<doc>Verifies that the current page title equals ``title``.</doc>
<msg timestamp="20220331 17:34:35.323" level="INFO">Page title is 'BugBank | O banco com bugs e falhas do seu jeito'.</msg>
<status status="PASS" starttime="20220331 17:34:35.316" endtime="20220331 17:34:35.324"/>
</kw>
<status status="PASS" starttime="20220331 17:34:32.547" endtime="20220331 17:34:35.324"/>
</kw>
<kw name="QUANDO digitarmos um e-mail cadastrado" library="login">
<kw name="Click Element" library="SeleniumLibrary">
<arg>//*[@id="inputEmail"]</arg>
<doc>Click the element identified by ``locator``.</doc>
<msg timestamp="20220331 17:34:35.325" level="INFO">Clicking element '//*[@id="inputEmail"]'.</msg>
<status status="PASS" starttime="20220331 17:34:35.325" endtime="20220331 17:34:35.363"/>
</kw>
<kw name="Input Text" library="SeleniumLibrary">
<arg>//*[@id="inputEmail"]</arg>
<arg>${user2}</arg>
<doc>Types the given ``text`` into the text field identified by ``locator``.</doc>
<msg timestamp="20220331 17:34:35.363" level="INFO">Typing text 'paulo@teste.com.br' into text field '//*[@id="inputEmail"]'.</msg>
<status status="PASS" starttime="20220331 17:34:35.363" endtime="20220331 17:34:35.449"/>
</kw>
<kw name="Sleep" library="BuiltIn">
<arg>2</arg>
<doc>Pauses the test executed for the given time.</doc>
<msg timestamp="20220331 17:34:37.460" level="INFO">Slept 2 seconds</msg>
<status status="PASS" starttime="20220331 17:34:35.449" endtime="20220331 17:34:37.460"/>
</kw>
<status status="PASS" starttime="20220331 17:34:35.325" endtime="20220331 17:34:37.460"/>
</kw>
<kw name="E digitarmos uma senha válida" library="login">
<kw name="Click Element" library="SeleniumLibrary">
<arg>//*[@id="inputPassword"]</arg>
<doc>Click the element identified by ``locator``.</doc>
<msg timestamp="20220331 17:34:37.461" level="INFO">Clicking element '//*[@id="inputPassword"]'.</msg>
<status status="PASS" starttime="20220331 17:34:37.461" endtime="20220331 17:34:37.502"/>
</kw>
<kw name="Input Text" library="SeleniumLibrary">
<var>${senha}</var>
<arg>//*[@id="inputPassword"]</arg>
<arg>${password2}</arg>
<doc>Types the given ``text`` into the text field identified by ``locator``.</doc>
<msg timestamp="20220331 17:34:37.503" level="INFO">Typing text 'teste2' into text field '//*[@id="inputPassword"]'.</msg>
<msg timestamp="20220331 17:34:37.565" level="INFO">${senha} = None</msg>
<status status="PASS" starttime="20220331 17:34:37.502" endtime="20220331 17:34:37.565"/>
</kw>
<kw name="Log To Console" library="BuiltIn">
<arg>${senha}</arg>
<doc>Logs the given message to the console.</doc>
<status status="PASS" starttime="20220331 17:34:37.565" endtime="20220331 17:34:37.566"/>
</kw>
<kw name="Sleep" library="BuiltIn">
<arg>2</arg>
<doc>Pauses the test executed for the given time.</doc>
<msg timestamp="20220331 17:34:39.580" level="INFO">Slept 2 seconds</msg>
<status status="PASS" starttime="20220331 17:34:37.566" endtime="20220331 17:34:39.580"/>
</kw>
<status status="PASS" starttime="20220331 17:34:37.461" endtime="20220331 17:34:39.580"/>
</kw>
<kw name="E clicarmos no botão Acessar" library="login">
<kw name="Click Element" library="SeleniumLibrary">
<arg>//*[@id="btnAccess"]</arg>
<doc>Click the element identified by ``locator``.</doc>
<msg timestamp="20220331 17:34:39.580" level="INFO">Clicking element '//*[@id="btnAccess"]'.</msg>
<status status="PASS" starttime="20220331 17:34:39.580" endtime="20220331 17:34:39.621"/>
</kw>
<kw name="Sleep" library="BuiltIn">
<arg>2</arg>
<doc>Pauses the test executed for the given time.</doc>
<msg timestamp="20220331 17:34:41.629" level="INFO">Slept 2 seconds</msg>
<status status="PASS" starttime="20220331 17:34:39.621" endtime="20220331 17:34:41.629"/>
</kw>
<status status="PASS" starttime="20220331 17:34:39.580" endtime="20220331 17:34:41.629"/>
</kw>
<kw name="ENTÃO o login será realizado com sucesso" library="login">
<kw name="Should Be Title">
<arg>https://bugbank.netlify.app/home</arg>
<msg timestamp="20220331 17:34:41.632" level="FAIL">No keyword with name 'Should Be Title' found. Did you mean:
    String.Should Be Title Case</msg>
<status status="FAIL" starttime="20220331 17:34:41.632" endtime="20220331 17:34:41.633"/>
</kw>
<kw name="Element Text Should Be" library="SeleniumLibrary">
<arg>//p[text()='bem vindo ao BugBank :)']</arg>
<doc>Verifies that element ``locator`` contains exact the text ``expected``.</doc>
<status status="NOT RUN" starttime="20220331 17:34:41.633" endtime="20220331 17:34:41.633"/>
</kw>
<kw name="Element Text Should Be" library="SeleniumLibrary">
<arg>//*[@id="textBalance"][text()='Saldo em conta ']</arg>
<doc>Verifies that element ``locator`` contains exact the text ``expected``.</doc>
<status status="NOT RUN" starttime="20220331 17:34:41.633" endtime="20220331 17:34:41.633"/>
</kw>
<status status="FAIL" starttime="20220331 17:34:41.630" endtime="20220331 17:34:41.634"/>
</kw>
<kw name="Fechar navegador" library="login" type="TEARDOWN">
<kw name="Capture Page Screenshot" library="SeleniumLibrary">
<doc>Takes a screenshot of the current page and embeds it into a log file.</doc>
<msg timestamp="20220331 17:34:41.709" level="INFO" html="true">&lt;/td&gt;&lt;/tr&gt;&lt;tr&gt;&lt;td colspan="3"&gt;&lt;a href="selenium-screenshot-7.png"&gt;&lt;img src="selenium-screenshot-7.png" width="800px"&gt;&lt;/a&gt;</msg>
<status status="PASS" starttime="20220331 17:34:41.635" endtime="20220331 17:34:41.709"/>
</kw>
<kw name="Stop Gif Recording" library="ScreenCapLibrary">
<doc>Stops the GIF recording and generates the file. If ``embed`` argument was set to ``True`` the
GIF will be displayed in the log file.</doc>
<msg timestamp="20220331 17:34:41.741" level="INFO" html="true">&lt;a href="screenshot_7.gif"&gt;&lt;img src="screenshot_7.gif" width="800px"&gt;&lt;/a&gt;</msg>
<status status="PASS" starttime="20220331 17:34:41.709" endtime="20220331 17:34:42.862"/>
</kw>
<kw name="Log To Console" library="BuiltIn">
<arg>David, estou encerrando o navegador!</arg>
<doc>Logs the given message to the console.</doc>
<status status="PASS" starttime="20220331 17:34:42.863" endtime="20220331 17:34:42.863"/>
</kw>
<kw name="Log" library="BuiltIn">
<arg>David, estou encerrando o navegador!</arg>
<doc>Logs the given message with the given level.</doc>
<msg timestamp="20220331 17:34:42.863" level="INFO">David, estou encerrando o navegador!</msg>
<status status="PASS" starttime="20220331 17:34:42.863" endtime="20220331 17:34:42.863"/>
</kw>
<kw name="Sleep" library="BuiltIn">
<arg>2</arg>
<doc>Pauses the test executed for the given time.</doc>
<msg timestamp="20220331 17:34:44.866" level="INFO">Slept 2 seconds</msg>
<status status="PASS" starttime="20220331 17:34:42.863" endtime="20220331 17:34:44.866"/>
</kw>
<kw name="Close Browser" library="SeleniumLibrary">
<doc>Closes the current browser.</doc>
<status status="PASS" starttime="20220331 17:34:44.866" endtime="20220331 17:34:47.010"/>
</kw>
<status status="PASS" starttime="20220331 17:34:41.635" endtime="20220331 17:34:47.010"/>
</kw>
<status status="FAIL" starttime="20220331 17:34:27.268" endtime="20220331 17:34:47.011">No keyword with name 'Should Be Title' found. Did you mean:
    String.Should Be Title Case</status>
</test>
<status status="FAIL" starttime="20220331 17:34:26.935" endtime="20220331 17:34:47.014"/>
</suite>
<statistics>
<total>
<stat pass="0" fail="1" skip="0">All Tests</stat>
</total>
<tag>
</tag>
<suite>
<stat pass="0" fail="1" skip="0" id="s1" name="Login.Test">Login.Test</stat>
</suite>
</statistics>
<errors>
</errors>
</robot>
