<?xml version="1.0" encoding="UTF-8"?>
<robot generator="Robot 4.1.3 (Python 3.10.0 on win32)" generated="20220331 14:45:27.736" rpa="false" schemaversion="2">
<suite id="s1" name="Login.Test" source="C:\Users\t_davidt\Desktop\SANDBOX\SANDBOX\Testes-Automatizados\BugBank\Tests\Features\Login\Login.Test.robot">
<test id="s1-t1" name="Cenário 05 - Efetuar login sem informar as credenciais">
<kw name="Abrir navegador" library="base" type="SETUP">
<kw name="Log To Console" library="BuiltIn">
<arg>David, estou abrindo o navegador e maximizando-o!</arg>
<doc>Logs the given message to the console.</doc>
<status status="PASS" starttime="20220331 14:45:28.062" endtime="20220331 14:45:28.063"/>
</kw>
<kw name="Log" library="BuiltIn">
<arg>David, estou abrindo o navegador e maximizando-o!</arg>
<doc>Logs the given message with the given level.</doc>
<msg timestamp="20220331 14:45:28.063" level="INFO">David, estou abrindo o navegador e maximizando-o!</msg>
<status status="PASS" starttime="20220331 14:45:28.063" endtime="20220331 14:45:28.063"/>
</kw>
<kw name="Open Browser" library="SeleniumLibrary">
<arg>about:blank</arg>
<arg>${BROWSER}</arg>
<doc>Opens a new browser instance to the optional ``url``.</doc>
<msg timestamp="20220331 14:45:28.063" level="INFO">Opening browser 'chrome' to base url 'about:blank'.</msg>
<status status="PASS" starttime="20220331 14:45:28.063" endtime="20220331 14:45:29.194"/>
</kw>
<kw name="Maximize Browser Window" library="SeleniumLibrary">
<doc>Maximizes current browser window.</doc>
<status status="PASS" starttime="20220331 14:45:29.194" endtime="20220331 14:45:29.314"/>
</kw>
<kw name="Sleep" library="BuiltIn">
<arg>2</arg>
<doc>Pauses the test executed for the given time.</doc>
<msg timestamp="20220331 14:45:31.329" level="INFO">Slept 2 seconds</msg>
<status status="PASS" starttime="20220331 14:45:29.314" endtime="20220331 14:45:31.329"/>
</kw>
<kw name="Log To Console" library="BuiltIn">
<arg>Também estarei iniciando a gravação da tela</arg>
<doc>Logs the given message to the console.</doc>
<status status="PASS" starttime="20220331 14:45:31.329" endtime="20220331 14:45:31.329"/>
</kw>
<kw name="Log" library="BuiltIn">
<arg>Também estarei iniciando a gravação da tela</arg>
<doc>Logs the given message with the given level.</doc>
<msg timestamp="20220331 14:45:31.330" level="INFO">Também estarei iniciando a gravação da tela</msg>
<status status="PASS" starttime="20220331 14:45:31.330" endtime="20220331 14:45:31.330"/>
</kw>
<kw name="Start Gif Recording" library="ScreenCapLibrary">
<doc>Starts the recording of a GIF in the background with the specified ``name``.
The recording can be stopped by calling the `Stop Gif Recording` keyword.</doc>
<status status="PASS" starttime="20220331 14:45:31.330" endtime="20220331 14:45:31.331"/>
</kw>
<kw name="Sleep" library="BuiltIn">
<arg>2</arg>
<doc>Pauses the test executed for the given time.</doc>
<msg timestamp="20220331 14:45:33.339" level="INFO">Slept 2 seconds</msg>
<status status="PASS" starttime="20220331 14:45:31.331" endtime="20220331 14:45:33.339"/>
</kw>
<status status="PASS" starttime="20220331 14:45:28.062" endtime="20220331 14:45:33.339"/>
</kw>
<kw name="DADO que estamos na página inicial do BugBank" library="base">
<kw name="Go To" library="SeleniumLibrary">
<arg>${BaseURL}</arg>
<doc>Navigates the current browser window to the provided ``url``.</doc>
<msg timestamp="20220331 14:45:33.340" level="INFO">Opening url 'https://bugbank.netlify.app/'</msg>
<status status="PASS" starttime="20220331 14:45:33.340" endtime="20220331 14:45:34.185"/>
</kw>
<kw name="Sleep" library="BuiltIn">
<arg>2</arg>
<doc>Pauses the test executed for the given time.</doc>
<msg timestamp="20220331 14:45:36.190" level="INFO">Slept 2 seconds</msg>
<status status="PASS" starttime="20220331 14:45:34.185" endtime="20220331 14:45:36.190"/>
</kw>
<kw name="Title Should Be" library="SeleniumLibrary">
<arg>BugBank | O banco com bugs e falhas do seu jeito</arg>
<doc>Verifies that the current page title equals ``title``.</doc>
<msg timestamp="20220331 14:45:36.197" level="INFO">Page title is 'BugBank | O banco com bugs e falhas do seu jeito'.</msg>
<status status="PASS" starttime="20220331 14:45:36.190" endtime="20220331 14:45:36.197"/>
</kw>
<status status="PASS" starttime="20220331 14:45:33.340" endtime="20220331 14:45:36.197"/>
</kw>
<kw name="QUANDO clicarmos no botão Acessar" library="base">
<kw name="Click Element" library="SeleniumLibrary">
<arg>//*[@id="btnAccess"]</arg>
<doc>Click the element identified by ``locator``.</doc>
<msg timestamp="20220331 14:45:36.199" level="INFO">Clicking element '//*[@id="btnAccess"]'.</msg>
<status status="PASS" starttime="20220331 14:45:36.199" endtime="20220331 14:45:36.239"/>
</kw>
<kw name="Sleep" library="BuiltIn">
<arg>2</arg>
<doc>Pauses the test executed for the given time.</doc>
<msg timestamp="20220331 14:45:38.252" level="INFO">Slept 2 seconds</msg>
<status status="PASS" starttime="20220331 14:45:36.239" endtime="20220331 14:45:38.252"/>
</kw>
<status status="PASS" starttime="20220331 14:45:36.198" endtime="20220331 14:45:38.252"/>
</kw>
<kw name="ENTÃO a mensagem de erro &quot;Usuário e senha precisam ser preenchidos&quot; será visível em tela" library="base" sourcename="ENTÃO a mensagem de erro &quot;${msgError02}&quot; será visível em tela">
<kw name="Element Should Be Visible" library="SeleniumLibrary">
<arg>//*[@id="__next"]/div/div[3]/div</arg>
<doc>Verifies that the element identified by ``locator`` is visible.</doc>
<msg timestamp="20220331 14:45:38.280" level="INFO">Element '//*[@id="__next"]/div/div[3]/div' is displayed.</msg>
<status status="PASS" starttime="20220331 14:45:38.252" endtime="20220331 14:45:38.280"/>
</kw>
<kw name="Element Text Should Be" library="SeleniumLibrary">
<arg>//*[@id="modalText"]</arg>
<arg>${msgError02}</arg>
<doc>Verifies that element ``locator`` contains exact the text ``expected``.</doc>
<msg timestamp="20220331 14:45:38.281" level="INFO">Verifying element '//*[@id="modalText"]' contains exact text 'Usuário e senha precisam ser preenchidos'.</msg>
<status status="PASS" starttime="20220331 14:45:38.280" endtime="20220331 14:45:38.300"/>
</kw>
<kw name="Sleep" library="BuiltIn">
<arg>2</arg>
<doc>Pauses the test executed for the given time.</doc>
<msg timestamp="20220331 14:45:40.310" level="INFO">Slept 2 seconds</msg>
<status status="PASS" starttime="20220331 14:45:38.300" endtime="20220331 14:45:40.310"/>
</kw>
<kw name="Click Element" library="SeleniumLibrary">
<arg>//*[@id="btnCloseModal"]</arg>
<doc>Click the element identified by ``locator``.</doc>
<msg timestamp="20220331 14:45:40.310" level="INFO">Clicking element '//*[@id="btnCloseModal"]'.</msg>
<status status="PASS" starttime="20220331 14:45:40.310" endtime="20220331 14:45:40.345"/>
</kw>
<status status="PASS" starttime="20220331 14:45:38.252" endtime="20220331 14:45:40.345"/>
</kw>
<kw name="Fechar navegador" library="base" type="TEARDOWN">
<kw name="Capture Page Screenshot" library="SeleniumLibrary">
<doc>Takes a screenshot of the current page and embeds it into a log file.</doc>
<msg timestamp="20220331 14:45:40.541" level="INFO" html="true">&lt;/td&gt;&lt;/tr&gt;&lt;tr&gt;&lt;td colspan="3"&gt;&lt;a href="selenium-screenshot-1.png"&gt;&lt;img src="selenium-screenshot-1.png" width="800px"&gt;&lt;/a&gt;</msg>
<status status="PASS" starttime="20220331 14:45:40.347" endtime="20220331 14:45:40.541"/>
</kw>
<kw name="Stop Gif Recording" library="ScreenCapLibrary">
<doc>Stops the GIF recording and generates the file. If ``embed`` argument was set to ``True`` the
GIF will be displayed in the log file.</doc>
<msg timestamp="20220331 14:45:40.552" level="INFO" html="true">&lt;a href="screenshot_1.gif"&gt;&lt;img src="screenshot_1.gif" width="800px"&gt;&lt;/a&gt;</msg>
<status status="PASS" starttime="20220331 14:45:40.542" endtime="20220331 14:45:41.691"/>
</kw>
<kw name="Log To Console" library="BuiltIn">
<arg>David, estou encerrando o navegador!</arg>
<doc>Logs the given message to the console.</doc>
<status status="PASS" starttime="20220331 14:45:41.691" endtime="20220331 14:45:41.692"/>
</kw>
<kw name="Log" library="BuiltIn">
<arg>David, estou encerrando o navegador!</arg>
<doc>Logs the given message with the given level.</doc>
<msg timestamp="20220331 14:45:41.692" level="INFO">David, estou encerrando o navegador!</msg>
<status status="PASS" starttime="20220331 14:45:41.692" endtime="20220331 14:45:41.692"/>
</kw>
<kw name="Sleep" library="BuiltIn">
<arg>2</arg>
<doc>Pauses the test executed for the given time.</doc>
<msg timestamp="20220331 14:45:43.705" level="INFO">Slept 2 seconds</msg>
<status status="PASS" starttime="20220331 14:45:41.692" endtime="20220331 14:45:43.705"/>
</kw>
<kw name="Close Browser" library="SeleniumLibrary">
<doc>Closes the current browser.</doc>
<status status="PASS" starttime="20220331 14:45:43.705" endtime="20220331 14:45:45.825"/>
</kw>
<status status="PASS" starttime="20220331 14:45:40.346" endtime="20220331 14:45:45.825"/>
</kw>
<status status="PASS" starttime="20220331 14:45:28.061" endtime="20220331 14:45:45.826"/>
</test>
<status status="PASS" starttime="20220331 14:45:27.736" endtime="20220331 14:45:45.828"/>
</suite>
<statistics>
<total>
<stat pass="1" fail="0" skip="0">All Tests</stat>
</total>
<tag>
</tag>
<suite>
<stat pass="1" fail="0" skip="0" id="s1" name="Login.Test">Login.Test</stat>
</suite>
</statistics>
<errors>
</errors>
</robot>
